<?xml version="1.0" encoding="UTF-8"?>
<!-- Generated by org.testng.reporters.JUnitXMLReporter -->
<testsuite ignored="0" hostname="Ameet" failures="0" tests="21" name="Test" time="67.519" errors="0" timestamp="2024-08-28T18:16:40 IST">
  <testcase classname="testcases.pharmacy_testcase" name="@BeforeClass initBrowser" time="0.029">
    <failure type="java.lang.NullPointerException" message="Cannot invoke &amp;quot;java.util.Map.get(Object)&amp;quot; because &amp;quot;this.configData&amp;quot; is null">
      <![CDATA[java.lang.NullPointerException: Cannot invoke "java.util.Map.get(Object)" because "this.configData" is null
at testcases.pharmacy_testcase.initBrowser(pharmacy_testcase.java:38)
at java.base/java.util.concurrent.ThreadPoolExecutor.runWorker(ThreadPoolExecutor.java:1136)
at java.base/java.util.concurrent.ThreadPoolExecutor$Worker.run(ThreadPoolExecutor.java:635)
at java.base/java.lang.Thread.run(Thread.java:833)
... Removed 10 stack frames]]>
    </failure>
  </testcase> <!-- @BeforeClass initBrowser -->
  <testcase classname="testcases.pharmacy_testcase" name="@AfterClass tearDown" time="0.001">
    <failure type="java.lang.NullPointerException" message="Cannot invoke &amp;quot;org.openqa.selenium.WebDriver.quit()&amp;quot; because &amp;quot;this.driver&amp;quot; is null">
      <![CDATA[java.lang.NullPointerException: Cannot invoke "org.openqa.selenium.WebDriver.quit()" because "this.driver" is null
at coreUtilities.testbase.TestBase.browserTearDown(TestBase.java:111)
at testcases.pharmacy_testcase.tearDown(pharmacy_testcase.java:430)
at java.base/java.util.concurrent.ThreadPoolExecutor.runWorker(ThreadPoolExecutor.java:1136)
at java.base/java.util.concurrent.ThreadPoolExecutor$Worker.run(ThreadPoolExecutor.java:635)
at java.base/java.lang.Thread.run(Thread.java:833)
... Removed 11 stack frames]]>
    </failure>
  </testcase> <!-- @AfterClass tearDown -->
  <testcase classname="testcases.pharmacy_testcase" name="verifyTitleOfTheHomePage" time="0.002">
    <skipped/>
  </testcase> <!-- verifyTitleOfTheHomePage -->
  <testcase classname="testcases.pharmacy_testcase" name="verifyPharmacyModule" time="0.0">
    <skipped/>
  </testcase> <!-- verifyPharmacyModule -->
  <testcase classname="testcases.pharmacy_testcase" name="verifyPharmacySubModules" time="0.0">
    <skipped/>
  </testcase> <!-- verifyPharmacySubModules -->
  <testcase classname="testcases.pharmacy_testcase" name="verifyElementsUnderOrderTab" time="0.0">
    <skipped/>
  </testcase> <!-- verifyElementsUnderOrderTab -->
  <testcase classname="testcases.pharmacy_testcase" name="verifyNavigationToAnotherSubModuleAfterOpeningTheOrderSection" time="0.0">
    <skipped/>
  </testcase> <!-- verifyNavigationToAnotherSubModuleAfterOpeningTheOrderSection -->
  <testcase classname="testcases.pharmacy_testcase" name="verifyErrorMessageOnPrintingGoodReceiptWithoutDetails" time="0.0">
    <skipped/>
  </testcase> <!-- verifyErrorMessageOnPrintingGoodReceiptWithoutDetails -->
  <testcase classname="testcases.pharmacy_testcase" name="addNewGoodReceipt" time="0.0">
    <skipped/>
  </testcase> <!-- addNewGoodReceipt -->
  <testcase classname="testcases.pharmacy_testcase" name="verifyAddedGoodReceipt" time="0.0">
    <skipped/>
  </testcase> <!-- verifyAddedGoodReceipt -->
  <testcase classname="testcases.pharmacy_testcase" name="verifyDataIsAsPerAppliedDateFilter" time="0.0">
    <skipped/>
  </testcase> <!-- verifyDataIsAsPerAppliedDateFilter -->
  <testcase classname="testcases.pharmacy_testcase" name="verifySearchResultDisplayedInTable" time="0.0">
    <skipped/>
  </testcase> <!-- verifySearchResultDisplayedInTable -->
  <testcase classname="testcases.pharmacy_testcase" name="performScrollOperation" time="0.0">
    <skipped/>
  </testcase> <!-- performScrollOperation -->
  <testcase classname="testcases.pharmacy_testcase" name="verifyToolTipText" time="0.0">
    <skipped/>
  </testcase> <!-- verifyToolTipText -->
  <testcase classname="testcases.pharmacy_testcase" name="verifyRecordsAccordingToSelectedSupplier" time="0.0">
    <skipped/>
  </testcase> <!-- verifyRecordsAccordingToSelectedSupplier -->
  <testcase classname="testcases.pharmacy_testcase" name="verifyUpdateOfExistingGoodReceipt" time="0.0">
    <skipped/>
  </testcase> <!-- verifyUpdateOfExistingGoodReceipt -->
  <testcase classname="testcases.pharmacy_testcase" name="verifyGoodReceiptRadioButtonsAreSelectable" time="0.001">
    <skipped/>
  </testcase> <!-- verifyGoodReceiptRadioButtonsAreSelectable -->
  <testcase classname="testcases.pharmacy_testcase" name="cancelRecordAndVerifyCancellation" time="0.001">
    <skipped/>
  </testcase> <!-- cancelRecordAndVerifyCancellation -->
  <testcase classname="testcases.pharmacy_testcase" name="verifyPurchaseOrderDataAfterApplyingDateFilter" time="0.0">
    <skipped/>
  </testcase> <!-- verifyPurchaseOrderDataAfterApplyingDateFilter -->
  <testcase classname="testcases.pharmacy_testcase" name="exportGoodsReceiptData" time="0.0">
    <skipped/>
  </testcase> <!-- exportGoodsReceiptData -->
  <testcase classname="testcases.pharmacy_testcase" name="verifyRegisterPatientWithPhoto" time="0.0">
    <skipped/>
  </testcase> <!-- verifyRegisterPatientWithPhoto -->
  <testcase classname="testcases.pharmacy_testcase" name="verifyUploadedImageIsPresent" time="0.0">
    <skipped/>
  </testcase> <!-- verifyUploadedImageIsPresent -->
  <testcase classname="testcases.pharmacy_testcase" name="verifyUserIsOnTheSamePageAfterRefresh" time="0.0">
    <skipped/>
  </testcase> <!-- verifyUserIsOnTheSamePageAfterRefresh -->
</testsuite> <!-- Test -->
